  Assets\ball.FBX
  Assets\catapira.FBX
  Assets\ground.FBX
  Assets\ground200m.FBX
  Assets\haed.FBX
  Assets\shadow.FBX
  Assets\skydome.FBX
  Assets\SphereNode.FBX
  Assets\TeaPot.FBX
  Assets\ufo.FBX
  Assets\wing.FBX
  CollisionNode.cpp
  Enemy.cpp
Enemy.cpp(58): warning C4244: '=': 'int' から 'float' への変換です。データが失われる可能性があります。
Enemy.cpp(59): warning C4244: '=': 'int' から 'float' への変換です。データが失われる可能性があります。
  FollowCamera.cpp
  Game.cpp
  LandShape.cpp
  Main.cpp
  ModelEffect.cpp
  Obj3d.cpp
  Player.cpp
     ライブラリ C:\Users\s162176\Documents\Visual Studio 2015\Projects\GameEngineTK\Release\GameEngineTK.lib とオブジェクト C:\Users\s162176\Documents\Visual Studio 2015\Projects\GameEngineTK\Release\GameEngineTK.exp を作成中
  コード生成しています。
  79 of 2196 functions ( 3.6%) were compiled, the rest were copied from previous compilation.
    10 functions were new in current compilation
    13 functions had inline decision re-evaluated but remain unchanged
  コード生成が終了しました。
  GameEngineTK.vcxproj -> C:\Users\s162176\Documents\Visual Studio 2015\Projects\GameEngineTK\Release\GameEngineTK.exe
  GameEngineTK.vcxproj -> C:\Users\s162176\Documents\Visual Studio 2015\Projects\GameEngineTK\Release\GameEngineTK.pdb (Full PDB)
