c:\users\s162176\documents\visual studio 2015\projects\gameenginetk\gameenginetk\debug\gameenginetk.pch
c:\users\s162176\documents\visual studio 2015\projects\gameenginetk\gameenginetk\debug\vc140.pdb
c:\users\s162176\documents\visual studio 2015\projects\gameenginetk\gameenginetk\debug\vc140.idb
c:\users\s162176\documents\visual studio 2015\projects\gameenginetk\gameenginetk\debug\pch.obj
c:\users\s162176\documents\visual studio 2015\projects\gameenginetk\gameenginetk\debug\camera.obj
c:\users\s162176\documents\visual studio 2015\projects\gameenginetk\gameenginetk\debug\collision.obj
c:\users\s162176\documents\visual studio 2015\projects\gameenginetk\gameenginetk\debug\collisionnode.obj
c:\users\s162176\documents\visual studio 2015\projects\gameenginetk\gameenginetk\debug\debugcamera.obj
c:\users\s162176\documents\visual studio 2015\projects\gameenginetk\gameenginetk\debug\enemy.obj
c:\users\s162176\documents\visual studio 2015\projects\gameenginetk\gameenginetk\debug\followcamera.obj
c:\users\s162176\documents\visual studio 2015\projects\gameenginetk\gameenginetk\debug\game.obj
c:\users\s162176\documents\visual studio 2015\projects\gameenginetk\gameenginetk\debug\main.obj
c:\users\s162176\documents\visual studio 2015\projects\gameenginetk\gameenginetk\debug\obj3d.obj
c:\users\s162176\documents\visual studio 2015\projects\gameenginetk\gameenginetk\debug\player.obj
c:\users\s162176\documents\visual studio 2015\projects\gameenginetk\debug\skydome.cmo
c:\users\s162176\documents\visual studio 2015\projects\gameenginetk\debug\_program files (x86)_microsoft visual studio 14.0_common7_ide_extensions_microsoft_vsgraphics_assets_effects_phong.dgsl.cso
c:\users\s162176\documents\visual studio 2015\projects\gameenginetk\debug\_users_s162176_documents_visual studio 2015_projects_gameenginetk_gameenginetk_assets_sky.png.dds
c:\users\s162176\documents\visual studio 2015\projects\gameenginetk\debug\haed.cmo
c:\users\s162176\documents\visual studio 2015\projects\gameenginetk\debug\catapira.cmo
c:\users\s162176\documents\visual studio 2015\projects\gameenginetk\debug\ball.cmo
c:\users\s162176\documents\visual studio 2015\projects\gameenginetk\debug\ground.cmo
c:\users\s162176\documents\visual studio 2015\projects\gameenginetk\debug\_users_s162176_documents_visual studio 2015_projects_gameenginetk_gameenginetk_assets_ground.png.dds
c:\users\s162176\documents\visual studio 2015\projects\gameenginetk\debug\ground200m.cmo
c:\users\s162176\documents\visual studio 2015\projects\gameenginetk\debug\spherenode.cmo
c:\users\s162176\documents\visual studio 2015\projects\gameenginetk\debug\teapot.cmo
c:\users\s162176\documents\visual studio 2015\projects\gameenginetk\debug\_users_s162176_documents_visual studio 2015_projects_gameenginetk_gameenginetk_assets_20100907__1385228.jpg.dds
c:\users\s162176\documents\visual studio 2015\projects\gameenginetk\debug\ufo.cmo
c:\users\s162176\documents\visual studio 2015\projects\gameenginetk\debug\wing.cmo
c:\users\s162176\documents\visual studio 2015\projects\gameenginetk\debug\gameenginetk.pdb
c:\users\s162176\documents\visual studio 2015\projects\gameenginetk\gameenginetk\debug\gameenginetk.tlog\cl.command.1.tlog
c:\users\s162176\documents\visual studio 2015\projects\gameenginetk\gameenginetk\debug\gameenginetk.tlog\cl.read.1.tlog
c:\users\s162176\documents\visual studio 2015\projects\gameenginetk\gameenginetk\debug\gameenginetk.tlog\cl.write.1.tlog
c:\users\s162176\documents\visual studio 2015\projects\gameenginetk\gameenginetk\debug\gameenginetk.tlog\meshcontenttask-vsgraphics.11180.read.1.tlog
c:\users\s162176\documents\visual studio 2015\projects\gameenginetk\gameenginetk\debug\gameenginetk.tlog\meshcontenttask-vsgraphics.11180.write.1.tlog
c:\users\s162176\documents\visual studio 2015\projects\gameenginetk\gameenginetk\debug\gameenginetk.tlog\meshcontenttask-vsgraphics.12460.read.1.tlog
c:\users\s162176\documents\visual studio 2015\projects\gameenginetk\gameenginetk\debug\gameenginetk.tlog\meshcontenttask-vsgraphics.12460.write.1.tlog
c:\users\s162176\documents\visual studio 2015\projects\gameenginetk\gameenginetk\debug\gameenginetk.tlog\meshcontenttask-vsgraphics.1396.read.1.tlog
c:\users\s162176\documents\visual studio 2015\projects\gameenginetk\gameenginetk\debug\gameenginetk.tlog\meshcontenttask-vsgraphics.1396.write.1.tlog
c:\users\s162176\documents\visual studio 2015\projects\gameenginetk\gameenginetk\debug\gameenginetk.tlog\meshcontenttask-vsgraphics.16212.read.1.tlog
c:\users\s162176\documents\visual studio 2015\projects\gameenginetk\gameenginetk\debug\gameenginetk.tlog\meshcontenttask-vsgraphics.16212.write.1.tlog
c:\users\s162176\documents\visual studio 2015\projects\gameenginetk\gameenginetk\debug\gameenginetk.tlog\meshcontenttask-vsgraphics.16868.read.1.tlog
c:\users\s162176\documents\visual studio 2015\projects\gameenginetk\gameenginetk\debug\gameenginetk.tlog\meshcontenttask-vsgraphics.16868.write.1.tlog
c:\users\s162176\documents\visual studio 2015\projects\gameenginetk\gameenginetk\debug\gameenginetk.tlog\meshcontenttask-vsgraphics.19532.read.1.tlog
c:\users\s162176\documents\visual studio 2015\projects\gameenginetk\gameenginetk\debug\gameenginetk.tlog\meshcontenttask-vsgraphics.19532.write.1.tlog
c:\users\s162176\documents\visual studio 2015\projects\gameenginetk\gameenginetk\debug\gameenginetk.tlog\meshcontenttask-vsgraphics.2068.read.1.tlog
c:\users\s162176\documents\visual studio 2015\projects\gameenginetk\gameenginetk\debug\gameenginetk.tlog\meshcontenttask-vsgraphics.2068.write.1.tlog
c:\users\s162176\documents\visual studio 2015\projects\gameenginetk\gameenginetk\debug\gameenginetk.tlog\meshcontenttask-vsgraphics.3572.read.1.tlog
c:\users\s162176\documents\visual studio 2015\projects\gameenginetk\gameenginetk\debug\gameenginetk.tlog\meshcontenttask-vsgraphics.3572.write.1.tlog
c:\users\s162176\documents\visual studio 2015\projects\gameenginetk\gameenginetk\debug\gameenginetk.tlog\meshcontenttask-vsgraphics.9720.read.1.tlog
c:\users\s162176\documents\visual studio 2015\projects\gameenginetk\gameenginetk\debug\gameenginetk.tlog\meshcontenttask-vsgraphics.9720.write.1.tlog
c:\users\s162176\documents\visual studio 2015\projects\gameenginetk\gameenginetk\debug\gameenginetk.tlog\meshcontenttask-vsgraphics.read.1.tlog
c:\users\s162176\documents\visual studio 2015\projects\gameenginetk\gameenginetk\debug\gameenginetk.tlog\meshcontenttask-vsgraphics.write.1.tlog
